{'front_server': 1}
{'front_server': [222457]}

2020-12-22 19:30:06 front_server mem_usage: 0.16360432001268438, cpu_usage:   0.0 
2020-12-22 19:30:06 [All] cpu usage: 21.05263157894737 
2020-12-22 19:30:06 [All] mem usage: 29.957690220208438 

{'front_server': 1}
{'front_server': [222457]}

2020-12-22 19:30:17 front_server mem_usage: 0.16360432001268438, cpu_usage:   0.0 
2020-12-22 19:30:17 [All] cpu usage: 20.51282051282051 
2020-12-22 19:30:17 [All] mem usage: 29.96220293814527 

{'front_server': 1}
{'front_server': [222457]}

2020-12-22 19:30:29 front_server mem_usage: 0.16360432001268438, cpu_usage:   0.0 
2020-12-22 19:30:29 [All] cpu usage: 2.564102564102569 
2020-12-22 19:30:29 [All] mem usage: 29.9582512608168 

{'front_server': 1}
{'front_server': [222457]}

2020-12-22 19:30:40 front_server mem_usage: 0.16360432001268438, cpu_usage:   0.0 
2020-12-22 19:30:40 [All] cpu usage: 15.0 
2020-12-22 19:30:40 [All] mem usage: 29.95412883199883 

{'front_server': 1}
{'front_server': [222457]}

2020-12-22 19:30:51 front_server mem_usage: 0.16360432001268438, cpu_usage:   0.0 
2020-12-22 19:30:51 [All] cpu usage: 17.5 
2020-12-22 19:30:51 [All] mem usage: 29.961349180697763 

{'front_server': 1}
{'front_server': [222457]}

2020-12-22 19:31:02 front_server mem_usage: 0.16360432001268438, cpu_usage:   0.0 
2020-12-22 19:31:02 [All] cpu usage: 25.641025641025635 
2020-12-22 19:31:02 [All] mem usage: 29.98881577743763 

{'front_server': 1}
{'front_server': [222457]}

2020-12-22 19:31:13 front_server mem_usage: 0.16360432001268438, cpu_usage:   0.0 
2020-12-22 19:31:13 [All] cpu usage: 12.820512820512818 
2020-12-22 19:31:13 [All] mem usage: 29.94910385959349 

{'front_server': 1}
{'front_server': [222457]}

2020-12-22 19:31:24 front_server mem_usage: 0.16360432001268438, cpu_usage:   0.0 
2020-12-22 19:31:24 [All] cpu usage: 21.951219512195124 
2020-12-22 19:31:24 [All] mem usage: 29.95517773400577 

{'front_server': 1}
{'front_server': [222457]}

2020-12-22 19:31:36 front_server mem_usage: 0.16360432001268438, cpu_usage:   0.0 
2020-12-22 19:31:36 [All] cpu usage: 20.51282051282051 
2020-12-22 19:31:36 [All] mem usage: 29.96744744817997 

{'front_server': 1}
{'front_server': [222457]}

2020-12-22 19:31:47 front_server mem_usage: 0.16360432001268438, cpu_usage:   0.0 
2020-12-22 19:31:47 [All] cpu usage: 15.0 
2020-12-22 19:31:47 [All] mem usage: 29.950445478439576 

{'front_server': 1}
{'front_server': [222457]}

2020-12-22 19:31:58 front_server mem_usage: 0.16360432001268438, cpu_usage:   0.0 
2020-12-22 19:31:58 [All] cpu usage: 19.512195121951223 
2020-12-22 19:31:58 [All] mem usage: 29.93800501277587 

{'front_server': 1}
{'front_server': [222457]}

2020-12-22 19:32:09 front_server mem_usage: 0.16360432001268438, cpu_usage:   0.0 
2020-12-22 19:32:09 [All] cpu usage: 64.86486486486487 
2020-12-22 19:32:09 [All] mem usage: 29.954177618138687 

{'front_server': 1}
{'front_server': [222457]}

2020-12-22 19:32:20 front_server mem_usage: 0.16360432001268438, cpu_usage:   0.0 
2020-12-22 19:32:20 [All] cpu usage: 37.83783783783784 
2020-12-22 19:32:20 [All] mem usage: 29.958226867746873 

{'front_server': 1}
{'front_server': [222457]}

2020-12-22 19:32:31 front_server mem_usage: 0.16360432001268438, cpu_usage:   0.0 
2020-12-22 19:32:31 [All] cpu usage: 31.707317073170728 
2020-12-22 19:32:31 [All] mem usage: 30.026283532848318 

{'front_server': 1}
{'front_server': [222457]}

2020-12-22 19:32:42 front_server mem_usage: 0.16360432001268438, cpu_usage:   0.0 
2020-12-22 19:32:42 [All] cpu usage: 25.0 
2020-12-22 19:32:42 [All] mem usage: 30.04026076191754 

{'front_server': 1}
{'front_server': [222457]}

2020-12-22 19:32:53 front_server mem_usage: 0.16360432001268438, cpu_usage:   0.0 
2020-12-22 19:32:54 [All] cpu usage: 5.128205128205124 
2020-12-22 19:32:54 [All] mem usage: 30.042504924350993 

{'front_server': 1}
{'front_server': [222457]}

2020-12-22 19:33:05 front_server mem_usage: 0.16360432001268438, cpu_usage:   0.0 
2020-12-22 19:33:05 [All] cpu usage: 31.578947368421055 
2020-12-22 19:33:05 [All] mem usage: 30.044944231343877 

{'front_server': 1}
{'front_server': [222457]}

2020-12-22 19:33:16 front_server mem_usage: 0.16360432001268438, cpu_usage:   0.0 
2020-12-22 19:33:16 [All] cpu usage: 22.5 
2020-12-22 19:33:16 [All] mem usage: 30.058750708923593 

{'front_server': 1}
{'front_server': [222457]}

2020-12-22 19:33:27 front_server mem_usage: 0.16360432001268438, cpu_usage:   0.0 
2020-12-22 19:33:27 [All] cpu usage: 30.769230769230774 
2020-12-22 19:33:27 [All] mem usage: 29.982058897067343 

{'front_server': 1}
{'front_server': [222457]}

2020-12-22 19:33:38 front_server mem_usage: 0.16360432001268438, cpu_usage:   0.0 
2020-12-22 19:33:38 [All] cpu usage: 25.641025641025635 
2020-12-22 19:33:38 [All] mem usage: 30.00759844128283 

